<?xml version="1.0" encoding="UTF-8"?>
<testsuite xmlns:xsi="http://www.w3.org/2001/XMLSchema-instance" xsi:noNamespaceSchemaLocation="https://maven.apache.org/surefire/maven-surefire-plugin/xsd/surefire-test-report-3.0.xsd" version="3.0" name="amazon10.sivaTest" time="0.872" tests="1" errors="0" skipped="0" failures="0">
  <properties>
    <property name="java.specification.version" value="21"/>
    <property name="sun.cpu.isalist" value="amd64"/>
    <property name="sun.jnu.encoding" value="Cp1252"/>
    <property name="java.class.path" value="C:\Users\sivay\OneDrive\Desktop\developer\amazon\mobiles\mobiles\target\test-classes;C:\Users\sivay\OneDrive\Desktop\developer\amazon\mobiles\mobiles\target\classes;C:\Users\sivay\.m2\repository\uk\ac\nactem\uima\UCompareTypeSystem\1.2.4\UCompareTypeSystem-1.2.4.jar;C:\Users\sivay\.m2\repository\uk\ac\nactem\uima\EventTypeSystem\0.6\EventTypeSystem-0.6.jar;C:\Users\sivay\.m2\repository\junit\junit\4.12\junit-4.12.jar;C:\Users\sivay\.m2\repository\org\hamcrest\hamcrest-core\1.3\hamcrest-core-1.3.jar;C:\Users\sivay\.m2\repository\org\apache\uima\uimaj-core\2.9.0\uimaj-core-2.9.0.jar;C:\Users\sivay\.m2\repository\org\apache\uima\uimafit-core\2.3.0\uimafit-core-2.3.0.jar;C:\Users\sivay\.m2\repository\commons-lang\commons-lang\2.6\commons-lang-2.6.jar;C:\Users\sivay\.m2\repository\commons-io\commons-io\2.2\commons-io-2.2.jar;C:\Users\sivay\.m2\repository\commons-logging\commons-logging-api\1.1\commons-logging-api-1.1.jar;C:\Users\sivay\.m2\repository\org\springframework\spring-core\3.2.16.RELEASE\spring-core-3.2.16.RELEASE.jar;C:\Users\sivay\.m2\repository\commons-logging\commons-logging\1.1.3\commons-logging-1.1.3.jar;C:\Users\sivay\.m2\repository\org\springframework\spring-context\3.2.16.RELEASE\spring-context-3.2.16.RELEASE.jar;C:\Users\sivay\.m2\repository\org\springframework\spring-aop\3.2.16.RELEASE\spring-aop-3.2.16.RELEASE.jar;C:\Users\sivay\.m2\repository\aopalliance\aopalliance\1.0\aopalliance-1.0.jar;C:\Users\sivay\.m2\repository\org\springframework\spring-expression\3.2.16.RELEASE\spring-expression-3.2.16.RELEASE.jar;C:\Users\sivay\.m2\repository\org\springframework\spring-beans\3.2.16.RELEASE\spring-beans-3.2.16.RELEASE.jar;"/>
    <property name="java.vm.vendor" value="Oracle Corporation"/>
    <property name="sun.arch.data.model" value="64"/>
    <property name="user.variant" value=""/>
    <property name="java.vendor.url" value="https://java.oracle.com/"/>
    <property name="user.timezone" value="Asia/Calcutta"/>
    <property name="os.name" value="Windows 11"/>
    <property name="java.vm.specification.version" value="21"/>
    <property name="sun.java.launcher" value="SUN_STANDARD"/>
    <property name="user.country" value="IN"/>
    <property name="sun.boot.library.path" value="C:\Program Files\Java\jdk-21\bin"/>
    <property name="sun.java.command" value="C:\Users\sivay\AppData\Local\Temp\surefire13902559827618838306\surefirebooter-20240703152248636_3.jar C:\Users\sivay\AppData\Local\Temp\surefire13902559827618838306 2024-07-03T15-22-48_526-jvmRun1 surefire-20240703152248636_1tmp surefire_0-20240703152248636_2tmp"/>
    <property name="jdk.debug" value="release"/>
    <property name="surefire.test.class.path" value="C:\Users\sivay\OneDrive\Desktop\developer\amazon\mobiles\mobiles\target\test-classes;C:\Users\sivay\OneDrive\Desktop\developer\amazon\mobiles\mobiles\target\classes;C:\Users\sivay\.m2\repository\uk\ac\nactem\uima\UCompareTypeSystem\1.2.4\UCompareTypeSystem-1.2.4.jar;C:\Users\sivay\.m2\repository\uk\ac\nactem\uima\EventTypeSystem\0.6\EventTypeSystem-0.6.jar;C:\Users\sivay\.m2\repository\junit\junit\4.12\junit-4.12.jar;C:\Users\sivay\.m2\repository\org\hamcrest\hamcrest-core\1.3\hamcrest-core-1.3.jar;C:\Users\sivay\.m2\repository\org\apache\uima\uimaj-core\2.9.0\uimaj-core-2.9.0.jar;C:\Users\sivay\.m2\repository\org\apache\uima\uimafit-core\2.3.0\uimafit-core-2.3.0.jar;C:\Users\sivay\.m2\repository\commons-lang\commons-lang\2.6\commons-lang-2.6.jar;C:\Users\sivay\.m2\repository\commons-io\commons-io\2.2\commons-io-2.2.jar;C:\Users\sivay\.m2\repository\commons-logging\commons-logging-api\1.1\commons-logging-api-1.1.jar;C:\Users\sivay\.m2\repository\org\springframework\spring-core\3.2.16.RELEASE\spring-core-3.2.16.RELEASE.jar;C:\Users\sivay\.m2\repository\commons-logging\commons-logging\1.1.3\commons-logging-1.1.3.jar;C:\Users\sivay\.m2\repository\org\springframework\spring-context\3.2.16.RELEASE\spring-context-3.2.16.RELEASE.jar;C:\Users\sivay\.m2\repository\org\springframework\spring-aop\3.2.16.RELEASE\spring-aop-3.2.16.RELEASE.jar;C:\Users\sivay\.m2\repository\aopalliance\aopalliance\1.0\aopalliance-1.0.jar;C:\Users\sivay\.m2\repository\org\springframework\spring-expression\3.2.16.RELEASE\spring-expression-3.2.16.RELEASE.jar;C:\Users\sivay\.m2\repository\org\springframework\spring-beans\3.2.16.RELEASE\spring-beans-3.2.16.RELEASE.jar;"/>
    <property name="sun.cpu.endian" value="little"/>
    <property name="user.home" value="C:\Users\sivay"/>
    <property name="user.language" value="en"/>
    <property name="java.specification.vendor" value="Oracle Corporation"/>
    <property name="java.version.date" value="2024-04-16"/>
    <property name="java.home" value="C:\Program Files\Java\jdk-21"/>
    <property name="file.separator" value="\"/>
    <property name="basedir" value="C:\Users\sivay\OneDrive\Desktop\developer\amazon\mobiles\mobiles"/>
    <property name="java.vm.compressedOopsMode" value="32-bit"/>
    <property name="line.separator" value="&#10;"/>
    <property name="java.vm.specification.vendor" value="Oracle Corporation"/>
    <property name="java.specification.name" value="Java Platform API Specification"/>
    <property name="surefire.real.class.path" value="C:\Users\sivay\AppData\Local\Temp\surefire13902559827618838306\surefirebooter-20240703152248636_3.jar"/>
    <property name="user.script" value=""/>
    <property name="sun.management.compiler" value="HotSpot 64-Bit Tiered Compilers"/>
    <property name="java.runtime.version" value="21.0.3+7-LTS-152"/>
    <property name="user.name" value="sivay"/>
    <property name="stdout.encoding" value="Cp1252"/>
    <property name="path.separator" value=";"/>
    <property name="os.version" value="10.0"/>
    <property name="java.runtime.name" value="Java(TM) SE Runtime Environment"/>
    <property name="file.encoding" value="UTF-8"/>
    <property name="java.vm.name" value="Java HotSpot(TM) 64-Bit Server VM"/>
    <property name="localRepository" value="C:\Users\sivay\.m2\repository"/>
    <property name="java.vendor.url.bug" value="https://bugreport.java.com/bugreport/"/>
    <property name="java.io.tmpdir" value="C:\Users\sivay\AppData\Local\Temp\"/>
    <property name="java.version" value="21.0.3"/>
    <property name="user.dir" value="C:\Users\sivay\OneDrive\Desktop\developer\amazon\mobiles\mobiles"/>
    <property name="os.arch" value="amd64"/>
    <property name="java.vm.specification.name" value="Java Virtual Machine Specification"/>
    <property name="sun.os.patch.level" value=""/>
    <property name="native.encoding" value="Cp1252"/>
    <property name="java.library.path" value="C:\Program Files\Java\jdk-21\bin;C:\Windows\Sun\Java\bin;C:\Windows\system32;C:\Windows;C:\Program Files\Common Files\Oracle\Java\javapath;C:\Windows\system32;C:\Windows;C:\Windows\System32\Wbem;C:\Windows\System32\WindowsPowerShell\v1.0\;C:\Windows\System32\OpenSSH\;C:\Users\sivay\Downloads\apache-maven-3.9.4-bin\apache-maven-3.9.4\bin;C:\Users\sivay\Downloads\apache-maven-3.9.4-bin\apache-maven-3.9.4\bin;C:\Users\sivay\Downloads\apache-maven-3.9.4-bin\apache-maven-3.9.4\bin;C:\Program Files\Java\jdk-17\bin;C:\Users\sivay\Downloads\apache-maven-3.9.4-bin.zip\apache-maven-3.9.4\bin;C:\Users\sivay\Downloads\apache-maven-3.9.4-bin.zip\apache-maven-3.9.4\bin;C:\Users\sivay\Downloads\apache-maven-3.9.4-bin\apache-maven-3.9.4\bin;C:\Users\sivay\Downloads\apache-maven-3.9.4-bin\apache-maven-3.9.4\bin;C:\Users\sivay\Downloads\apache-maven-3.9.4-bin \apache-maven-3.9.4\bin;C:\Program Files\Amazon\AWSCLIV2\;C:\Program Files\Git\cmd;C:\Program Files\Java\jdk-22\bin;C:\Users\sivay\Downloads\apache-maven-3.9.8-bin\apache-maven-3.9.8\bin;C:\Program Files\Java\jdk-17\bin;C:\Program Files\Java\jdk-17;C:\Program Files\Java\jdk-17\bin;C:\Program Files\Java\jdk-22\bin;C:\Users\sivay\Downloads\apache-maven-3.9.8-bin\apache-maven-3.9.8\bin;C:\Program Files\Java\jdk-17\bin;C:\Program Files\Java\jdk-17\bin;C:\Program Files\Java\jdk-17\bin;C:\Program Files\Java\jdk-21\bin;C:\Program Files\Java\jdk-22\bin;C:\Program Files\Java\jdk-21\bin;C:\Users\sivay\AppData\Local\Microsoft\WindowsApps;;C:\Users\sivay\AppData\Local\Programs\Microsoft VS Code\bin;."/>
    <property name="java.vm.info" value="mixed mode, sharing"/>
    <property name="stderr.encoding" value="Cp1252"/>
    <property name="java.vendor" value="Oracle Corporation"/>
    <property name="java.vm.version" value="21.0.3+7-LTS-152"/>
    <property name="sun.io.unicode.encoding" value="UnicodeLittle"/>
    <property name="java.class.version" value="65.0"/>
  </properties>
  <testcase name="correctContent" classname="amazon10.sivaTest" time="0.801"/>
</testsuite>